<?xml version="1.0" encoding="UTF-8"?>
<!-- Generated by org.testng.reporters.JUnitXMLReporter -->
<testsuite ignored="0" hostname="LAPTOP-86U82QC3" failures="0" tests="2" name="Linux-Firefox" time="13.366" errors="0" timestamp="2024-12-15T19:49:41 IST">
  <testcase classname="testCases.TC001_Account_Registration_TestCase" name="verify_account_registration" time="1.888"/>
  <testcase classname="testCases.TC002_Login_Test_Case" name="verify_login" time="1.217"/>
</testsuite> <!-- Linux-Firefox -->
