<?xml version="1.0" encoding="UTF-8"?>
<testng-results ignored="0" total="2" passed="2" failed="0" skipped="0">
  <reporter-output>
  </reporter-output>
  <suite started-at="2024-12-16T10:27:13 IST" name="mastersuite" finished-at="2024-12-16T10:27:20 IST" duration-ms="7296">
    <groups>
      <group name="Master">
        <method signature="TC001_Account_Registration_TestCase.verify_account_registration()[pri:0, instance:testCases.TC001_Account_Registration_TestCase@38234a38]" name="verify_account_registration" class="testCases.TC001_Account_Registration_TestCase"/>
        <method signature="TC002_Login_Test_Case.verify_login()[pri:0, instance:testCases.TC002_Login_Test_Case@22f31dec]" name="verify_login" class="testCases.TC002_Login_Test_Case"/>
      </group> <!-- Master -->
      <group name="Regression">
        <method signature="TC001_Account_Registration_TestCase.verify_account_registration()[pri:0, instance:testCases.TC001_Account_Registration_TestCase@38234a38]" name="verify_account_registration" class="testCases.TC001_Account_Registration_TestCase"/>
      </group> <!-- Regression -->
      <group name="sanity">
        <method signature="TC002_Login_Test_Case.verify_login()[pri:0, instance:testCases.TC002_Login_Test_Case@22f31dec]" name="verify_login" class="testCases.TC002_Login_Test_Case"/>
      </group> <!-- sanity -->
    </groups>
    <test started-at="2024-12-16T10:27:13 IST" name="chrometest" finished-at="2024-12-16T10:27:20 IST" duration-ms="7296">
      <class name="testCases.TC002_Login_Test_Case">
        <test-method is-config="true" signature="setup(java.lang.String,java.lang.String)[pri:0, instance:testCases.TC002_Login_Test_Case@22f31dec]" started-at="2024-12-16T10:27:17 IST" name="setup" finished-at="2024-12-16T10:27:18 IST" duration-ms="1649" status="PASS">
          <params>
            <param index="0">
              <value>
                <![CDATA[Windows]]>
              </value>
            </param>
            <param index="1">
              <value>
                <![CDATA[chrome]]>
              </value>
            </param>
          </params>
          <reporter-output>
          </reporter-output>
        </test-method> <!-- setup -->
        <test-method signature="verify_login()[pri:0, instance:testCases.TC002_Login_Test_Case@22f31dec]" started-at="2024-12-16T10:27:18 IST" name="verify_login" finished-at="2024-12-16T10:27:20 IST" duration-ms="1219" status="PASS">
          <reporter-output>
          </reporter-output>
        </test-method> <!-- verify_login -->
        <test-method is-config="true" signature="tearDown()[pri:0, instance:testCases.TC002_Login_Test_Case@22f31dec]" started-at="2024-12-16T10:27:20 IST" name="tearDown" finished-at="2024-12-16T10:27:20 IST" duration-ms="180" status="PASS">
          <reporter-output>
          </reporter-output>
        </test-method> <!-- tearDown -->
      </class> <!-- testCases.TC002_Login_Test_Case -->
      <class name="testCases.TC001_Account_Registration_TestCase">
        <test-method is-config="true" signature="setup(java.lang.String,java.lang.String)[pri:0, instance:testCases.TC001_Account_Registration_TestCase@38234a38]" started-at="2024-12-16T10:27:13 IST" name="setup" finished-at="2024-12-16T10:27:15 IST" duration-ms="2045" status="PASS">
          <params>
            <param index="0">
              <value>
                <![CDATA[Windows]]>
              </value>
            </param>
            <param index="1">
              <value>
                <![CDATA[chrome]]>
              </value>
            </param>
          </params>
          <reporter-output>
          </reporter-output>
        </test-method> <!-- setup -->
        <test-method signature="verify_account_registration()[pri:0, instance:testCases.TC001_Account_Registration_TestCase@38234a38]" started-at="2024-12-16T10:27:15 IST" name="verify_account_registration" finished-at="2024-12-16T10:27:17 IST" duration-ms="1843" status="PASS">
          <reporter-output>
          </reporter-output>
        </test-method> <!-- verify_account_registration -->
        <test-method is-config="true" signature="tearDown()[pri:0, instance:testCases.TC001_Account_Registration_TestCase@38234a38]" started-at="2024-12-16T10:27:17 IST" name="tearDown" finished-at="2024-12-16T10:27:17 IST" duration-ms="188" status="PASS">
          <reporter-output>
          </reporter-output>
        </test-method> <!-- tearDown -->
      </class> <!-- testCases.TC001_Account_Registration_TestCase -->
    </test> <!-- chrometest -->
  </suite> <!-- mastersuite -->
</testng-results>
