<?xml version="1.0" encoding="UTF-8"?>
<testng-results ignored="0" total="4" passed="4" failed="0" skipped="0">
  <reporter-output>
  </reporter-output>
  <suite started-at="2024-12-15T19:49:17 IST" name="Suite" finished-at="2024-12-15T19:49:40 IST" duration-ms="22782">
    <groups>
      <group name="Master">
        <method signature="TC001_Account_Registration_TestCase.verify_account_registration()[pri:0, instance:testCases.TC001_Account_Registration_TestCase@2bef51f2]" name="verify_account_registration" class="testCases.TC001_Account_Registration_TestCase"/>
        <method signature="TC002_Login_Test_Case.verify_login()[pri:0, instance:testCases.TC002_Login_Test_Case@53f48368]" name="verify_login" class="testCases.TC002_Login_Test_Case"/>
        <method signature="TC001_Account_Registration_TestCase.verify_account_registration()[pri:0, instance:testCases.TC001_Account_Registration_TestCase@4763c727]" name="verify_account_registration" class="testCases.TC001_Account_Registration_TestCase"/>
        <method signature="TC002_Login_Test_Case.verify_login()[pri:0, instance:testCases.TC002_Login_Test_Case@72445aba]" name="verify_login" class="testCases.TC002_Login_Test_Case"/>
      </group> <!-- Master -->
      <group name="Regression">
        <method signature="TC001_Account_Registration_TestCase.verify_account_registration()[pri:0, instance:testCases.TC001_Account_Registration_TestCase@2bef51f2]" name="verify_account_registration" class="testCases.TC001_Account_Registration_TestCase"/>
        <method signature="TC001_Account_Registration_TestCase.verify_account_registration()[pri:0, instance:testCases.TC001_Account_Registration_TestCase@4763c727]" name="verify_account_registration" class="testCases.TC001_Account_Registration_TestCase"/>
      </group> <!-- Regression -->
      <group name="sanity">
        <method signature="TC002_Login_Test_Case.verify_login()[pri:0, instance:testCases.TC002_Login_Test_Case@53f48368]" name="verify_login" class="testCases.TC002_Login_Test_Case"/>
        <method signature="TC002_Login_Test_Case.verify_login()[pri:0, instance:testCases.TC002_Login_Test_Case@72445aba]" name="verify_login" class="testCases.TC002_Login_Test_Case"/>
      </group> <!-- sanity -->
    </groups>
    <test started-at="2024-12-15T19:49:17 IST" name="Linux-Chrome" finished-at="2024-12-15T19:49:26 IST" duration-ms="8468">
      <class name="testCases.TC002_Login_Test_Case">
        <test-method is-config="true" signature="setup(java.lang.String,java.lang.String)[pri:0, instance:testCases.TC002_Login_Test_Case@53f48368]" started-at="2024-12-15T19:49:23 IST" name="setup" finished-at="2024-12-15T19:49:24 IST" duration-ms="1281" status="PASS">
          <params>
            <param index="0">
              <value>
                <![CDATA[Linux]]>
              </value>
            </param>
            <param index="1">
              <value>
                <![CDATA[chrome]]>
              </value>
            </param>
          </params>
          <reporter-output>
          </reporter-output>
        </test-method> <!-- setup -->
        <test-method signature="verify_login()[pri:0, instance:testCases.TC002_Login_Test_Case@53f48368]" started-at="2024-12-15T19:49:24 IST" name="verify_login" finished-at="2024-12-15T19:49:26 IST" duration-ms="1534" status="PASS">
          <reporter-output>
          </reporter-output>
        </test-method> <!-- verify_login -->
        <test-method is-config="true" signature="tearDown()[pri:0, instance:testCases.TC002_Login_Test_Case@53f48368]" started-at="2024-12-15T19:49:26 IST" name="tearDown" finished-at="2024-12-15T19:49:26 IST" duration-ms="94" status="PASS">
          <reporter-output>
          </reporter-output>
        </test-method> <!-- tearDown -->
      </class> <!-- testCases.TC002_Login_Test_Case -->
      <class name="testCases.TC001_Account_Registration_TestCase">
        <test-method is-config="true" signature="setup(java.lang.String,java.lang.String)[pri:0, instance:testCases.TC001_Account_Registration_TestCase@2bef51f2]" started-at="2024-12-15T19:49:18 IST" name="setup" finished-at="2024-12-15T19:49:21 IST" duration-ms="3106" status="PASS">
          <params>
            <param index="0">
              <value>
                <![CDATA[Linux]]>
              </value>
            </param>
            <param index="1">
              <value>
                <![CDATA[chrome]]>
              </value>
            </param>
          </params>
          <reporter-output>
          </reporter-output>
        </test-method> <!-- setup -->
        <test-method signature="verify_account_registration()[pri:0, instance:testCases.TC001_Account_Registration_TestCase@2bef51f2]" started-at="2024-12-15T19:49:21 IST" name="verify_account_registration" finished-at="2024-12-15T19:49:23 IST" duration-ms="2096" status="PASS">
          <reporter-output>
          </reporter-output>
        </test-method> <!-- verify_account_registration -->
        <test-method is-config="true" signature="tearDown()[pri:0, instance:testCases.TC001_Account_Registration_TestCase@2bef51f2]" started-at="2024-12-15T19:49:23 IST" name="tearDown" finished-at="2024-12-15T19:49:23 IST" duration-ms="97" status="PASS">
          <reporter-output>
          </reporter-output>
        </test-method> <!-- tearDown -->
      </class> <!-- testCases.TC001_Account_Registration_TestCase -->
    </test> <!-- Linux-Chrome -->
    <test started-at="2024-12-15T19:49:27 IST" name="Linux-Firefox" finished-at="2024-12-15T19:49:40 IST" duration-ms="13366">
      <class name="testCases.TC002_Login_Test_Case">
        <test-method is-config="true" signature="setup(java.lang.String,java.lang.String)[pri:0, instance:testCases.TC002_Login_Test_Case@72445aba]" started-at="2024-12-15T19:49:34 IST" name="setup" finished-at="2024-12-15T19:49:38 IST" duration-ms="4074" status="PASS">
          <params>
            <param index="0">
              <value>
                <![CDATA[Linux]]>
              </value>
            </param>
            <param index="1">
              <value>
                <![CDATA[firefox]]>
              </value>
            </param>
          </params>
          <reporter-output>
          </reporter-output>
        </test-method> <!-- setup -->
        <test-method signature="verify_login()[pri:0, instance:testCases.TC002_Login_Test_Case@72445aba]" started-at="2024-12-15T19:49:38 IST" name="verify_login" finished-at="2024-12-15T19:49:40 IST" duration-ms="1217" status="PASS">
          <reporter-output>
          </reporter-output>
        </test-method> <!-- verify_login -->
        <test-method is-config="true" signature="tearDown()[pri:0, instance:testCases.TC002_Login_Test_Case@72445aba]" started-at="2024-12-15T19:49:40 IST" name="tearDown" finished-at="2024-12-15T19:49:40 IST" duration-ms="735" status="PASS">
          <reporter-output>
          </reporter-output>
        </test-method> <!-- tearDown -->
      </class> <!-- testCases.TC002_Login_Test_Case -->
      <class name="testCases.TC001_Account_Registration_TestCase">
        <test-method is-config="true" signature="setup(java.lang.String,java.lang.String)[pri:0, instance:testCases.TC001_Account_Registration_TestCase@4763c727]" started-at="2024-12-15T19:49:27 IST" name="setup" finished-at="2024-12-15T19:49:32 IST" duration-ms="4696" status="PASS">
          <params>
            <param index="0">
              <value>
                <![CDATA[Linux]]>
              </value>
            </param>
            <param index="1">
              <value>
                <![CDATA[firefox]]>
              </value>
            </param>
          </params>
          <reporter-output>
          </reporter-output>
        </test-method> <!-- setup -->
        <test-method signature="verify_account_registration()[pri:0, instance:testCases.TC001_Account_Registration_TestCase@4763c727]" started-at="2024-12-15T19:49:32 IST" name="verify_account_registration" finished-at="2024-12-15T19:49:33 IST" duration-ms="1888" status="PASS">
          <reporter-output>
          </reporter-output>
        </test-method> <!-- verify_account_registration -->
        <test-method is-config="true" signature="tearDown()[pri:0, instance:testCases.TC001_Account_Registration_TestCase@4763c727]" started-at="2024-12-15T19:49:33 IST" name="tearDown" finished-at="2024-12-15T19:49:34 IST" duration-ms="749" status="PASS">
          <reporter-output>
          </reporter-output>
        </test-method> <!-- tearDown -->
      </class> <!-- testCases.TC001_Account_Registration_TestCase -->
    </test> <!-- Linux-Firefox -->
  </suite> <!-- Suite -->
</testng-results>
