<?xml version="1.0" encoding="UTF-8"?>
<testng-results ignored="0" total="4" passed="4" failed="0" skipped="0">
  <reporter-output>
  </reporter-output>
  <suite started-at="2024-12-21T12:17:05 IST" name="Suite" finished-at="2024-12-21T12:17:25 IST" duration-ms="19849">
    <groups>
      <group name="Master">
        <method signature="TC001_Account_Registration_TestCase.verify_account_registration()[pri:0, instance:testCases.TC001_Account_Registration_TestCase@71c27ee8]" name="verify_account_registration" class="testCases.TC001_Account_Registration_TestCase"/>
        <method signature="TC002_Login_Test_Case.verify_login()[pri:0, instance:testCases.TC002_Login_Test_Case@3549bca9]" name="verify_login" class="testCases.TC002_Login_Test_Case"/>
        <method signature="TC001_Account_Registration_TestCase.verify_account_registration()[pri:0, instance:testCases.TC001_Account_Registration_TestCase@22875539]" name="verify_account_registration" class="testCases.TC001_Account_Registration_TestCase"/>
        <method signature="TC002_Login_Test_Case.verify_login()[pri:0, instance:testCases.TC002_Login_Test_Case@5674e1f2]" name="verify_login" class="testCases.TC002_Login_Test_Case"/>
      </group> <!-- Master -->
      <group name="Regression">
        <method signature="TC001_Account_Registration_TestCase.verify_account_registration()[pri:0, instance:testCases.TC001_Account_Registration_TestCase@71c27ee8]" name="verify_account_registration" class="testCases.TC001_Account_Registration_TestCase"/>
        <method signature="TC001_Account_Registration_TestCase.verify_account_registration()[pri:0, instance:testCases.TC001_Account_Registration_TestCase@22875539]" name="verify_account_registration" class="testCases.TC001_Account_Registration_TestCase"/>
      </group> <!-- Regression -->
      <group name="sanity">
        <method signature="TC002_Login_Test_Case.verify_login()[pri:0, instance:testCases.TC002_Login_Test_Case@3549bca9]" name="verify_login" class="testCases.TC002_Login_Test_Case"/>
        <method signature="TC002_Login_Test_Case.verify_login()[pri:0, instance:testCases.TC002_Login_Test_Case@5674e1f2]" name="verify_login" class="testCases.TC002_Login_Test_Case"/>
      </group> <!-- sanity -->
    </groups>
    <test started-at="2024-12-21T12:17:05 IST" name="Linux-Chrome" finished-at="2024-12-21T12:17:12 IST" duration-ms="6750">
      <class name="testCases.TC002_Login_Test_Case">
        <test-method is-config="true" signature="setup(java.lang.String,java.lang.String)[pri:0, instance:testCases.TC002_Login_Test_Case@3549bca9]" started-at="2024-12-21T12:17:09 IST" name="setup" finished-at="2024-12-21T12:17:11 IST" duration-ms="1258" status="PASS">
          <params>
            <param index="0">
              <value>
                <![CDATA[Linux]]>
              </value>
            </param>
            <param index="1">
              <value>
                <![CDATA[chrome]]>
              </value>
            </param>
          </params>
          <reporter-output>
          </reporter-output>
        </test-method> <!-- setup -->
        <test-method signature="verify_login()[pri:0, instance:testCases.TC002_Login_Test_Case@3549bca9]" started-at="2024-12-21T12:17:11 IST" name="verify_login" finished-at="2024-12-21T12:17:12 IST" duration-ms="1103" status="PASS">
          <reporter-output>
          </reporter-output>
        </test-method> <!-- verify_login -->
        <test-method is-config="true" signature="tearDown()[pri:0, instance:testCases.TC002_Login_Test_Case@3549bca9]" started-at="2024-12-21T12:17:12 IST" name="tearDown" finished-at="2024-12-21T12:17:12 IST" duration-ms="86" status="PASS">
          <reporter-output>
          </reporter-output>
        </test-method> <!-- tearDown -->
      </class> <!-- testCases.TC002_Login_Test_Case -->
      <class name="testCases.TC001_Account_Registration_TestCase">
        <test-method is-config="true" signature="setup(java.lang.String,java.lang.String)[pri:0, instance:testCases.TC001_Account_Registration_TestCase@71c27ee8]" started-at="2024-12-21T12:17:05 IST" name="setup" finished-at="2024-12-21T12:17:08 IST" duration-ms="2384" status="PASS">
          <params>
            <param index="0">
              <value>
                <![CDATA[Linux]]>
              </value>
            </param>
            <param index="1">
              <value>
                <![CDATA[chrome]]>
              </value>
            </param>
          </params>
          <reporter-output>
          </reporter-output>
        </test-method> <!-- setup -->
        <test-method signature="verify_account_registration()[pri:0, instance:testCases.TC001_Account_Registration_TestCase@71c27ee8]" started-at="2024-12-21T12:17:08 IST" name="verify_account_registration" finished-at="2024-12-21T12:17:09 IST" duration-ms="1642" status="PASS">
          <reporter-output>
          </reporter-output>
        </test-method> <!-- verify_account_registration -->
        <test-method is-config="true" signature="tearDown()[pri:0, instance:testCases.TC001_Account_Registration_TestCase@71c27ee8]" started-at="2024-12-21T12:17:09 IST" name="tearDown" finished-at="2024-12-21T12:17:09 IST" duration-ms="93" status="PASS">
          <reporter-output>
          </reporter-output>
        </test-method> <!-- tearDown -->
      </class> <!-- testCases.TC001_Account_Registration_TestCase -->
    </test> <!-- Linux-Chrome -->
    <test started-at="2024-12-21T12:17:13 IST" name="Linux-Firefox" finished-at="2024-12-21T12:17:25 IST" duration-ms="12364">
      <class name="testCases.TC002_Login_Test_Case">
        <test-method is-config="true" signature="setup(java.lang.String,java.lang.String)[pri:0, instance:testCases.TC002_Login_Test_Case@5674e1f2]" started-at="2024-12-21T12:17:19 IST" name="setup" finished-at="2024-12-21T12:17:23 IST" duration-ms="3784" status="PASS">
          <params>
            <param index="0">
              <value>
                <![CDATA[Linux]]>
              </value>
            </param>
            <param index="1">
              <value>
                <![CDATA[firefox]]>
              </value>
            </param>
          </params>
          <reporter-output>
          </reporter-output>
        </test-method> <!-- setup -->
        <test-method signature="verify_login()[pri:0, instance:testCases.TC002_Login_Test_Case@5674e1f2]" started-at="2024-12-21T12:17:23 IST" name="verify_login" finished-at="2024-12-21T12:17:24 IST" duration-ms="1095" status="PASS">
          <reporter-output>
          </reporter-output>
        </test-method> <!-- verify_login -->
        <test-method is-config="true" signature="tearDown()[pri:0, instance:testCases.TC002_Login_Test_Case@5674e1f2]" started-at="2024-12-21T12:17:24 IST" name="tearDown" finished-at="2024-12-21T12:17:25 IST" duration-ms="591" status="PASS">
          <reporter-output>
          </reporter-output>
        </test-method> <!-- tearDown -->
      </class> <!-- testCases.TC002_Login_Test_Case -->
      <class name="testCases.TC001_Account_Registration_TestCase">
        <test-method is-config="true" signature="setup(java.lang.String,java.lang.String)[pri:0, instance:testCases.TC001_Account_Registration_TestCase@22875539]" started-at="2024-12-21T12:17:13 IST" name="setup" finished-at="2024-12-21T12:17:17 IST" duration-ms="4550" status="PASS">
          <params>
            <param index="0">
              <value>
                <![CDATA[Linux]]>
              </value>
            </param>
            <param index="1">
              <value>
                <![CDATA[firefox]]>
              </value>
            </param>
          </params>
          <reporter-output>
          </reporter-output>
        </test-method> <!-- setup -->
        <test-method signature="verify_account_registration()[pri:0, instance:testCases.TC001_Account_Registration_TestCase@22875539]" started-at="2024-12-21T12:17:17 IST" name="verify_account_registration" finished-at="2024-12-21T12:17:19 IST" duration-ms="1699" status="PASS">
          <reporter-output>
          </reporter-output>
        </test-method> <!-- verify_account_registration -->
        <test-method is-config="true" signature="tearDown()[pri:0, instance:testCases.TC001_Account_Registration_TestCase@22875539]" started-at="2024-12-21T12:17:19 IST" name="tearDown" finished-at="2024-12-21T12:17:19 IST" duration-ms="633" status="PASS">
          <reporter-output>
          </reporter-output>
        </test-method> <!-- tearDown -->
      </class> <!-- testCases.TC001_Account_Registration_TestCase -->
    </test> <!-- Linux-Firefox -->
  </suite> <!-- Suite -->
</testng-results>
